[0.154s] Invoking command in '/home/zyme/ros_ws/death_reckoning_imu/build/death_reckoning_imu': CMAKE_PREFIX_PATH=${CMAKE_PREFIX_PATH}:/opt/ros/humble /home/zyme/.local/bin/cmake /home/zyme/ros_ws/death_reckoning_imu/src/dead_reckoning_imu -DAMENT_CMAKE_SYMLINK_INSTALL=1 -DCMAKE_INSTALL_PREFIX=/home/zyme/ros_ws/death_reckoning_imu/install/death_reckoning_imu
[0.266s] -- The C compiler identification is GNU 11.4.0
[0.338s] -- The CXX compiler identification is GNU 11.4.0
[0.356s] -- Detecting C compiler ABI info
[0.447s] -- Detecting C compiler ABI info - done
[0.460s] -- Check for working C compiler: /usr/bin/cc - skipped
[0.460s] -- Detecting C compile features
[0.461s] -- Detecting C compile features - done
[0.472s] -- Detecting CXX compiler ABI info
[0.573s] -- Detecting CXX compiler ABI info - done
[0.585s] -- Check for working CXX compiler: /usr/bin/c++ - skipped
[0.585s] -- Detecting CXX compile features
[0.586s] -- Detecting CXX compile features - done
[0.589s] -- Found ament_cmake: 1.3.5 (/opt/ros/humble/share/ament_cmake/cmake)
[1.669s] -- Found Python3: /usr/bin/python3.10 (found version "3.10.12") found components: Interpreter 
[1.758s] -- Override CMake install command with custom implementation using symlinks instead of copying resources
[1.818s] -- Found std_msgs: 4.2.3 (/opt/ros/humble/share/std_msgs/cmake)
[1.891s] -- Found rosidl_generator_c: 3.1.5 (/opt/ros/humble/share/rosidl_generator_c/cmake)
[1.902s] -- Found rosidl_adapter: 3.1.5 (/opt/ros/humble/share/rosidl_adapter/cmake)
[1.918s] -- Found rosidl_generator_cpp: 3.1.5 (/opt/ros/humble/share/rosidl_generator_cpp/cmake)
[1.950s] -- Using all available rosidl_typesupport_c: rosidl_typesupport_microxrcedds_c;rosidl_typesupport_fastrtps_c;rosidl_typesupport_introspection_c
[1.999s] -- Using all available rosidl_typesupport_cpp: rosidl_typesupport_microxrcedds_cpp;rosidl_typesupport_fastrtps_cpp;rosidl_typesupport_introspection_cpp
[2.086s] -- Found geometry_msgs: 4.2.3 (/opt/ros/humble/share/geometry_msgs/cmake)
[2.144s] -- Found rclcpp: 16.0.6 (/opt/ros/humble/share/rclcpp/cmake)
[2.235s] -- Found rmw_implementation_cmake: 6.1.1 (/opt/ros/humble/share/rmw_implementation_cmake/cmake)
[2.239s] -- Found rmw_cyclonedds_cpp: 1.3.4 (/opt/ros/humble/share/rmw_cyclonedds_cpp/cmake)
[2.290s] -- Using RMW implementation 'rmw_cyclonedds_cpp' as default
[2.305s] -- Performing Test CMAKE_HAVE_LIBC_PTHREAD
[2.380s] -- Performing Test CMAKE_HAVE_LIBC_PTHREAD - Success
[2.380s] -- Found Threads: TRUE  
[2.558s] -- Found tf2: 0.25.4 (/opt/ros/humble/share/tf2/cmake)
[2.580s] -- Found tf2_ros: 0.25.4 (/opt/ros/humble/share/tf2_ros/cmake)
[3.032s] -- Found turtlesim: 1.4.2 (/opt/ros/humble/share/turtlesim/cmake)
[3.104s] -- Found sensor_msgs: 4.2.3 (/opt/ros/humble/share/sensor_msgs/cmake)
[3.225s] -- Found tf2_geometry_msgs: 0.25.4 (/opt/ros/humble/share/tf2_geometry_msgs/cmake)
[3.252s] -- Found eigen3_cmake_module: 0.1.1 (/opt/ros/humble/share/eigen3_cmake_module/cmake)
[3.253s] -- Found Eigen3: TRUE (found version "3.4.0") 
[3.254s] -- Ensuring Eigen3 include directory is part of orocos-kdl CMake target
[3.269s] -- Found rosidl_default_generators: 1.2.0 (/opt/ros/humble/share/rosidl_default_generators/cmake)
[3.287s] -- Found rviz2: 11.2.8 (/opt/ros/humble/share/rviz2/cmake)
[3.290s] -- Found tf2_sensor_msgs: 0.25.4 (/opt/ros/humble/share/tf2_sensor_msgs/cmake)
[3.320s] -- Found nav_msgs: 4.2.3 (/opt/ros/humble/share/nav_msgs/cmake)
[3.430s] -- Found ament_lint_auto: 0.12.8 (/opt/ros/humble/share/ament_lint_auto/cmake)
[3.551s] -- Added test 'cppcheck' to perform static code analysis on C / C++ code
[3.551s] -- Configured cppcheck include dirs: 
[3.551s] -- Configured cppcheck exclude dirs and/or files: 
[3.552s] -- Added test 'flake8' to check Python code syntax and style conventions
[3.553s] -- Added test 'lint_cmake' to check CMake code style
[3.554s] -- Added test 'pep257' to check Python code against some of the docstring style conventions in PEP 257
[3.555s] -- Added test 'uncrustify' to check C / C++ code style
[3.555s] -- Configured uncrustify additional arguments: 
[3.556s] -- Added test 'xmllint' to check XML markup files
[3.560s] -- Configuring done (3.4s)
[3.580s] -- Generating done (0.0s)
[3.582s] -- Build files have been written to: /home/zyme/ros_ws/death_reckoning_imu/build/death_reckoning_imu
[3.608s] Invoked command in '/home/zyme/ros_ws/death_reckoning_imu/build/death_reckoning_imu' returned '0': CMAKE_PREFIX_PATH=${CMAKE_PREFIX_PATH}:/opt/ros/humble /home/zyme/.local/bin/cmake /home/zyme/ros_ws/death_reckoning_imu/src/dead_reckoning_imu -DAMENT_CMAKE_SYMLINK_INSTALL=1 -DCMAKE_INSTALL_PREFIX=/home/zyme/ros_ws/death_reckoning_imu/install/death_reckoning_imu
[3.612s] Invoking command in '/home/zyme/ros_ws/death_reckoning_imu/build/death_reckoning_imu': CMAKE_PREFIX_PATH=${CMAKE_PREFIX_PATH}:/opt/ros/humble /home/zyme/.local/bin/cmake --build /home/zyme/ros_ws/death_reckoning_imu/build/death_reckoning_imu -- -j12 -l12
[3.667s] [ 50%] [32mBuilding CXX object CMakeFiles/raw.dir/src/raw.cpp.o[0m
[12.776s] [100%] [32m[1mLinking CXX executable raw[0m
[13.326s] [100%] Built target raw
[13.335s] Invoked command in '/home/zyme/ros_ws/death_reckoning_imu/build/death_reckoning_imu' returned '0': CMAKE_PREFIX_PATH=${CMAKE_PREFIX_PATH}:/opt/ros/humble /home/zyme/.local/bin/cmake --build /home/zyme/ros_ws/death_reckoning_imu/build/death_reckoning_imu -- -j12 -l12
[13.429s] Invoking command in '/home/zyme/ros_ws/death_reckoning_imu/build/death_reckoning_imu': CMAKE_PREFIX_PATH=${CMAKE_PREFIX_PATH}:/opt/ros/humble /home/zyme/.local/bin/cmake --install /home/zyme/ros_ws/death_reckoning_imu/build/death_reckoning_imu
[13.460s] -- Install configuration: ""
[13.460s] -- Execute custom install script
[13.460s] -- Symlinking: /home/zyme/ros_ws/death_reckoning_imu/install/death_reckoning_imu/lib/death_reckoning_imu/raw
[13.464s] -- Symlinking: /home/zyme/ros_ws/death_reckoning_imu/install/death_reckoning_imu/share/death_reckoning_imu//launch/cpy.launch
[13.467s] -- Symlinking: /home/zyme/ros_ws/death_reckoning_imu/install/death_reckoning_imu/share/death_reckoning_imu//launch/death_reckon.launch
[13.470s] -- Symlinking: /home/zyme/ros_ws/death_reckoning_imu/install/death_reckoning_imu/share/death_reckoning_imu//launch/dr.launch.py
[13.475s] -- Symlinking: /home/zyme/ros_ws/death_reckoning_imu/install/death_reckoning_imu/share/ament_index/resource_index/package_run_dependencies/death_reckoning_imu
[13.479s] -- Symlinking: /home/zyme/ros_ws/death_reckoning_imu/install/death_reckoning_imu/share/ament_index/resource_index/parent_prefix_path/death_reckoning_imu
[13.482s] -- Symlinking: /home/zyme/ros_ws/death_reckoning_imu/install/death_reckoning_imu/share/death_reckoning_imu/environment/ament_prefix_path.sh
[13.486s] -- Symlinking: /home/zyme/ros_ws/death_reckoning_imu/install/death_reckoning_imu/share/death_reckoning_imu/environment/ament_prefix_path.dsv
[13.491s] -- Symlinking: /home/zyme/ros_ws/death_reckoning_imu/install/death_reckoning_imu/share/death_reckoning_imu/environment/path.sh
[13.495s] -- Symlinking: /home/zyme/ros_ws/death_reckoning_imu/install/death_reckoning_imu/share/death_reckoning_imu/environment/path.dsv
[13.499s] -- Symlinking: /home/zyme/ros_ws/death_reckoning_imu/install/death_reckoning_imu/share/death_reckoning_imu/local_setup.bash
[13.502s] -- Symlinking: /home/zyme/ros_ws/death_reckoning_imu/install/death_reckoning_imu/share/death_reckoning_imu/local_setup.sh
[13.508s] -- Symlinking: /home/zyme/ros_ws/death_reckoning_imu/install/death_reckoning_imu/share/death_reckoning_imu/local_setup.zsh
[13.512s] -- Symlinking: /home/zyme/ros_ws/death_reckoning_imu/install/death_reckoning_imu/share/death_reckoning_imu/local_setup.dsv
[13.515s] -- Symlinking: /home/zyme/ros_ws/death_reckoning_imu/install/death_reckoning_imu/share/death_reckoning_imu/package.dsv
[13.518s] -- Symlinking: /home/zyme/ros_ws/death_reckoning_imu/install/death_reckoning_imu/share/ament_index/resource_index/packages/death_reckoning_imu
[13.523s] -- Symlinking: /home/zyme/ros_ws/death_reckoning_imu/install/death_reckoning_imu/share/death_reckoning_imu/cmake/death_reckoning_imuConfig.cmake
[13.527s] -- Symlinking: /home/zyme/ros_ws/death_reckoning_imu/install/death_reckoning_imu/share/death_reckoning_imu/cmake/death_reckoning_imuConfig-version.cmake
[13.530s] -- Symlinking: /home/zyme/ros_ws/death_reckoning_imu/install/death_reckoning_imu/share/death_reckoning_imu/package.xml
[13.539s] Invoked command in '/home/zyme/ros_ws/death_reckoning_imu/build/death_reckoning_imu' returned '0': CMAKE_PREFIX_PATH=${CMAKE_PREFIX_PATH}:/opt/ros/humble /home/zyme/.local/bin/cmake --install /home/zyme/ros_ws/death_reckoning_imu/build/death_reckoning_imu
