[0.211s] Invoking command in '/home/zyme/ros_ws/death_reckoning_imu/build/death_reckoning_imu': CMAKE_PREFIX_PATH=${CMAKE_PREFIX_PATH}:/opt/ros/humble /home/zyme/.local/bin/cmake --build /home/zyme/ros_ws/death_reckoning_imu/build/death_reckoning_imu -- -j12 -l12
[0.330s] [ 33%] Built target raw
[0.331s] [ 66%] Built target play_time
[0.347s] [ 83%] [32mBuilding CXX object CMakeFiles/dis.dir/src/dis.cpp.o[0m
[6.866s] [01m[K/home/zyme/ros_ws/death_reckoning_imu/src/dead_reckoning_imu/src/dis.cpp:[m[K In member function ‘[01m[Kvoid IMU_DR::PoseCallback(std::shared_ptr<geometry_msgs::msg::Twist_<std::allocator<void> > >)[m[K’:
[6.866s] [01m[K/home/zyme/ros_ws/death_reckoning_imu/src/dead_reckoning_imu/src/dis.cpp:59:15:[m[K [01;35m[Kwarning: [m[K‘[01m[Kpos_x[m[K’ may be used uninitialized [[01;35m[K]8;;https://gcc.gnu.org/onlinedocs/gcc/Warning-Options.html#index-Wmaybe-uninitialized-Wmaybe-uninitialized]8;;[m[K]
[6.867s]    59 |         [01;35m[Kpos_x += dis_x[m[K;
[6.867s]       |         [01;35m[K~~~~~~^~~~~~~~[m[K
[10.591s] [100%] [32m[1mLinking CXX executable dis[0m
[11.351s] [100%] Built target dis
[11.379s] Invoked command in '/home/zyme/ros_ws/death_reckoning_imu/build/death_reckoning_imu' returned '0': CMAKE_PREFIX_PATH=${CMAKE_PREFIX_PATH}:/opt/ros/humble /home/zyme/.local/bin/cmake --build /home/zyme/ros_ws/death_reckoning_imu/build/death_reckoning_imu -- -j12 -l12
[11.561s] Invoking command in '/home/zyme/ros_ws/death_reckoning_imu/build/death_reckoning_imu': CMAKE_PREFIX_PATH=${CMAKE_PREFIX_PATH}:/opt/ros/humble /home/zyme/.local/bin/cmake --install /home/zyme/ros_ws/death_reckoning_imu/build/death_reckoning_imu
[11.599s] -- Install configuration: ""
[11.600s] -- Execute custom install script
[11.600s] -- Up-to-date symlink: /home/zyme/ros_ws/death_reckoning_imu/install/death_reckoning_imu/lib/death_reckoning_imu/play_time
[11.600s] -- Up-to-date symlink: /home/zyme/ros_ws/death_reckoning_imu/install/death_reckoning_imu/lib/death_reckoning_imu/dis
[11.600s] -- Up-to-date symlink: /home/zyme/ros_ws/death_reckoning_imu/install/death_reckoning_imu/lib/death_reckoning_imu/raw
[11.601s] -- Up-to-date symlink: /home/zyme/ros_ws/death_reckoning_imu/install/death_reckoning_imu/share/death_reckoning_imu//launch/cpy.launch
[11.601s] -- Up-to-date symlink: /home/zyme/ros_ws/death_reckoning_imu/install/death_reckoning_imu/share/death_reckoning_imu//launch/death_reckon.launch
[11.601s] -- Up-to-date symlink: /home/zyme/ros_ws/death_reckoning_imu/install/death_reckoning_imu/share/death_reckoning_imu//launch/dr.launch.py
[11.601s] -- Up-to-date symlink: /home/zyme/ros_ws/death_reckoning_imu/install/death_reckoning_imu/share/ament_index/resource_index/package_run_dependencies/death_reckoning_imu
[11.601s] -- Up-to-date symlink: /home/zyme/ros_ws/death_reckoning_imu/install/death_reckoning_imu/share/ament_index/resource_index/parent_prefix_path/death_reckoning_imu
[11.601s] -- Up-to-date symlink: /home/zyme/ros_ws/death_reckoning_imu/install/death_reckoning_imu/share/death_reckoning_imu/environment/ament_prefix_path.sh
[11.601s] -- Up-to-date symlink: /home/zyme/ros_ws/death_reckoning_imu/install/death_reckoning_imu/share/death_reckoning_imu/environment/ament_prefix_path.dsv
[11.602s] -- Up-to-date symlink: /home/zyme/ros_ws/death_reckoning_imu/install/death_reckoning_imu/share/death_reckoning_imu/environment/path.sh
[11.602s] -- Up-to-date symlink: /home/zyme/ros_ws/death_reckoning_imu/install/death_reckoning_imu/share/death_reckoning_imu/environment/path.dsv
[11.602s] -- Up-to-date symlink: /home/zyme/ros_ws/death_reckoning_imu/install/death_reckoning_imu/share/death_reckoning_imu/local_setup.bash
[11.602s] -- Up-to-date symlink: /home/zyme/ros_ws/death_reckoning_imu/install/death_reckoning_imu/share/death_reckoning_imu/local_setup.sh
[11.602s] -- Up-to-date symlink: /home/zyme/ros_ws/death_reckoning_imu/install/death_reckoning_imu/share/death_reckoning_imu/local_setup.zsh
[11.603s] -- Up-to-date symlink: /home/zyme/ros_ws/death_reckoning_imu/install/death_reckoning_imu/share/death_reckoning_imu/local_setup.dsv
[11.603s] -- Symlinking: /home/zyme/ros_ws/death_reckoning_imu/install/death_reckoning_imu/share/death_reckoning_imu/package.dsv
[11.612s] -- Up-to-date symlink: /home/zyme/ros_ws/death_reckoning_imu/install/death_reckoning_imu/share/ament_index/resource_index/packages/death_reckoning_imu
[11.612s] -- Up-to-date symlink: /home/zyme/ros_ws/death_reckoning_imu/install/death_reckoning_imu/share/death_reckoning_imu/cmake/death_reckoning_imuConfig.cmake
[11.613s] -- Up-to-date symlink: /home/zyme/ros_ws/death_reckoning_imu/install/death_reckoning_imu/share/death_reckoning_imu/cmake/death_reckoning_imuConfig-version.cmake
[11.613s] -- Up-to-date symlink: /home/zyme/ros_ws/death_reckoning_imu/install/death_reckoning_imu/share/death_reckoning_imu/package.xml
[11.618s] Invoked command in '/home/zyme/ros_ws/death_reckoning_imu/build/death_reckoning_imu' returned '0': CMAKE_PREFIX_PATH=${CMAKE_PREFIX_PATH}:/opt/ros/humble /home/zyme/.local/bin/cmake --install /home/zyme/ros_ws/death_reckoning_imu/build/death_reckoning_imu
