[2.040s] DEBUG:colcon:Command line arguments: ['/usr/bin/colcon', 'build', '--symlink-install']
[2.040s] DEBUG:colcon:Parsed command line arguments: Namespace(log_base=None, log_level=None, verb_name='build', build_base='build', install_base='install', merge_install=False, symlink_install=True, test_result_base=None, continue_on_error=False, executor='parallel', parallel_workers=12, event_handlers=None, ignore_user_meta=False, metas=['./colcon.meta'], base_paths=['.'], packages_ignore=None, packages_ignore_regex=None, paths=None, packages_up_to=None, packages_up_to_regex=None, packages_above=None, packages_above_and_dependencies=None, packages_above_depth=None, packages_select_by_dep=None, packages_skip_by_dep=None, packages_skip_up_to=None, packages_select_build_failed=False, packages_skip_build_finished=False, packages_select_test_failures=False, packages_skip_test_passed=False, packages_select=None, packages_skip=None, packages_select_regex=None, packages_skip_regex=None, packages_start=None, packages_end=None, allow_overriding=[], cmake_args=None, cmake_target=None, cmake_target_skip_unavailable=False, cmake_clean_cache=False, cmake_clean_first=False, cmake_force_configure=False, ament_cmake_args=None, catkin_cmake_args=None, catkin_skip_building_tests=False, mixin_files=None, mixin=None, verb_parser=<colcon_mixin.mixin.mixin_argument.MixinArgumentDecorator object at 0x7f439b27c8b0>, verb_extension=<colcon_core.verb.build.BuildVerb object at 0x7f439b27dea0>, main=<bound method BuildVerb.main of <colcon_core.verb.build.BuildVerb object at 0x7f439b27dea0>>, mixin_verb=('build',))
[2.112s] Level 1:colcon.colcon_core.package_discovery:discover_packages(colcon_meta) check parameters
[2.112s] Level 1:colcon.colcon_core.package_discovery:discover_packages(recursive) check parameters
[2.112s] Level 1:colcon.colcon_core.package_discovery:discover_packages(ignore) check parameters
[2.112s] Level 1:colcon.colcon_core.package_discovery:discover_packages(path) check parameters
[2.112s] Level 1:colcon.colcon_core.package_discovery:discover_packages(colcon_meta) discover
[2.112s] Level 1:colcon.colcon_core.package_discovery:discover_packages(recursive) discover
[2.112s] INFO:colcon.colcon_core.package_discovery:Crawling recursively for packages in '/home/zyme/ros_ws/death_reckoning_imu'
[2.112s] Level 1:colcon.colcon_core.package_identification:_identify(.) by extensions ['ignore', 'ignore_ament_install']
[2.112s] Level 1:colcon.colcon_core.package_identification:_identify(.) by extension 'ignore'
[2.112s] Level 1:colcon.colcon_core.package_identification:_identify(.) by extension 'ignore_ament_install'
[2.112s] Level 1:colcon.colcon_core.package_identification:_identify(.) by extensions ['colcon_pkg']
[2.112s] Level 1:colcon.colcon_core.package_identification:_identify(.) by extension 'colcon_pkg'
[2.112s] Level 1:colcon.colcon_core.package_identification:_identify(.) by extensions ['colcon_meta']
[2.112s] Level 1:colcon.colcon_core.package_identification:_identify(.) by extension 'colcon_meta'
[2.112s] Level 1:colcon.colcon_core.package_identification:_identify(.) by extensions ['ros']
[2.112s] Level 1:colcon.colcon_core.package_identification:_identify(.) by extension 'ros'
[2.149s] Level 1:colcon.colcon_core.package_identification:_identify(.) by extensions ['cmake', 'python']
[2.149s] Level 1:colcon.colcon_core.package_identification:_identify(.) by extension 'cmake'
[2.149s] Level 1:colcon.colcon_core.package_identification:_identify(.) by extension 'python'
[2.149s] Level 1:colcon.colcon_core.package_identification:_identify(.) by extensions ['python_setup_py']
[2.149s] Level 1:colcon.colcon_core.package_identification:_identify(.) by extension 'python_setup_py'
[2.149s] Level 1:colcon.colcon_core.package_identification:_identify(build) by extensions ['ignore', 'ignore_ament_install']
[2.149s] Level 1:colcon.colcon_core.package_identification:_identify(build) by extension 'ignore'
[2.149s] Level 1:colcon.colcon_core.package_identification:_identify(build) ignored
[2.150s] Level 1:colcon.colcon_core.package_identification:_identify(install) by extensions ['ignore', 'ignore_ament_install']
[2.150s] Level 1:colcon.colcon_core.package_identification:_identify(install) by extension 'ignore'
[2.150s] Level 1:colcon.colcon_core.package_identification:_identify(install) ignored
[2.150s] Level 1:colcon.colcon_core.package_identification:_identify(log) by extensions ['ignore', 'ignore_ament_install']
[2.150s] Level 1:colcon.colcon_core.package_identification:_identify(log) by extension 'ignore'
[2.150s] Level 1:colcon.colcon_core.package_identification:_identify(log) ignored
[2.150s] Level 1:colcon.colcon_core.package_identification:_identify(src) by extensions ['ignore', 'ignore_ament_install']
[2.150s] Level 1:colcon.colcon_core.package_identification:_identify(src) by extension 'ignore'
[2.150s] Level 1:colcon.colcon_core.package_identification:_identify(src) by extension 'ignore_ament_install'
[2.150s] Level 1:colcon.colcon_core.package_identification:_identify(src) by extensions ['colcon_pkg']
[2.150s] Level 1:colcon.colcon_core.package_identification:_identify(src) by extension 'colcon_pkg'
[2.150s] Level 1:colcon.colcon_core.package_identification:_identify(src) by extensions ['colcon_meta']
[2.150s] Level 1:colcon.colcon_core.package_identification:_identify(src) by extension 'colcon_meta'
[2.150s] Level 1:colcon.colcon_core.package_identification:_identify(src) by extensions ['ros']
[2.150s] Level 1:colcon.colcon_core.package_identification:_identify(src) by extension 'ros'
[2.150s] Level 1:colcon.colcon_core.package_identification:_identify(src) by extensions ['cmake', 'python']
[2.150s] Level 1:colcon.colcon_core.package_identification:_identify(src) by extension 'cmake'
[2.150s] Level 1:colcon.colcon_core.package_identification:_identify(src) by extension 'python'
[2.151s] Level 1:colcon.colcon_core.package_identification:_identify(src) by extensions ['python_setup_py']
[2.151s] Level 1:colcon.colcon_core.package_identification:_identify(src) by extension 'python_setup_py'
[2.151s] Level 1:colcon.colcon_core.package_identification:_identify(src/dead_reckoning_imu) by extensions ['ignore', 'ignore_ament_install']
[2.151s] Level 1:colcon.colcon_core.package_identification:_identify(src/dead_reckoning_imu) by extension 'ignore'
[2.151s] Level 1:colcon.colcon_core.package_identification:_identify(src/dead_reckoning_imu) by extension 'ignore_ament_install'
[2.151s] Level 1:colcon.colcon_core.package_identification:_identify(src/dead_reckoning_imu) by extensions ['colcon_pkg']
[2.151s] Level 1:colcon.colcon_core.package_identification:_identify(src/dead_reckoning_imu) by extension 'colcon_pkg'
[2.151s] Level 1:colcon.colcon_core.package_identification:_identify(src/dead_reckoning_imu) by extensions ['colcon_meta']
[2.151s] Level 1:colcon.colcon_core.package_identification:_identify(src/dead_reckoning_imu) by extension 'colcon_meta'
[2.151s] Level 1:colcon.colcon_core.package_identification:_identify(src/dead_reckoning_imu) by extensions ['ros']
[2.151s] Level 1:colcon.colcon_core.package_identification:_identify(src/dead_reckoning_imu) by extension 'ros'
[2.155s] DEBUG:colcon.colcon_core.package_identification:Package 'src/dead_reckoning_imu' with type 'ros.ament_cmake' and name 'death_reckoning_imu'
[2.155s] Level 1:colcon.colcon_core.package_discovery:discover_packages(recursive) using defaults
[2.156s] Level 1:colcon.colcon_core.package_discovery:discover_packages(ignore) discover
[2.156s] Level 1:colcon.colcon_core.package_discovery:discover_packages(ignore) using defaults
[2.156s] Level 1:colcon.colcon_core.package_discovery:discover_packages(path) discover
[2.156s] Level 1:colcon.colcon_core.package_discovery:discover_packages(path) using defaults
[2.313s] Level 1:colcon.colcon_core.package_discovery:discover_packages(prefix_path) check parameters
[2.313s] Level 1:colcon.colcon_core.package_discovery:discover_packages(prefix_path) discover
[2.365s] DEBUG:colcon.colcon_installed_package_information.package_discovery:Found 1 installed packages in /home/zyme/ros_ws/death_reckoning_imu/install
[2.394s] DEBUG:colcon.colcon_installed_package_information.package_discovery:Found 11 installed packages in /home/zyme/ros_ws/microros_ws/install
[2.420s] DEBUG:colcon.colcon_installed_package_information.package_discovery:Found 1 installed packages in /home/zyme/ros_ws/gyro/gyro_micro_ros/install
[2.453s] DEBUG:colcon.colcon_installed_package_information.package_discovery:Found 431 installed packages in /opt/ros/humble
[2.455s] Level 1:colcon.colcon_core.package_discovery:discover_packages(prefix_path) using defaults
[2.597s] Level 5:colcon.colcon_core.verb:set package 'death_reckoning_imu' build argument 'cmake_args' from command line to 'None'
[2.597s] Level 5:colcon.colcon_core.verb:set package 'death_reckoning_imu' build argument 'cmake_target' from command line to 'None'
[2.598s] Level 5:colcon.colcon_core.verb:set package 'death_reckoning_imu' build argument 'cmake_target_skip_unavailable' from command line to 'False'
[2.598s] Level 5:colcon.colcon_core.verb:set package 'death_reckoning_imu' build argument 'cmake_clean_cache' from command line to 'False'
[2.598s] Level 5:colcon.colcon_core.verb:set package 'death_reckoning_imu' build argument 'cmake_clean_first' from command line to 'False'
[2.598s] Level 5:colcon.colcon_core.verb:set package 'death_reckoning_imu' build argument 'cmake_force_configure' from command line to 'False'
[2.598s] Level 5:colcon.colcon_core.verb:set package 'death_reckoning_imu' build argument 'ament_cmake_args' from command line to 'None'
[2.598s] Level 5:colcon.colcon_core.verb:set package 'death_reckoning_imu' build argument 'catkin_cmake_args' from command line to 'None'
[2.598s] Level 5:colcon.colcon_core.verb:set package 'death_reckoning_imu' build argument 'catkin_skip_building_tests' from command line to 'False'
[2.598s] DEBUG:colcon.colcon_core.verb:Building package 'death_reckoning_imu' with the following arguments: {'ament_cmake_args': None, 'build_base': '/home/zyme/ros_ws/death_reckoning_imu/build/death_reckoning_imu', 'catkin_cmake_args': None, 'catkin_skip_building_tests': False, 'cmake_args': None, 'cmake_clean_cache': False, 'cmake_clean_first': False, 'cmake_force_configure': False, 'cmake_target': None, 'cmake_target_skip_unavailable': False, 'install_base': '/home/zyme/ros_ws/death_reckoning_imu/install/death_reckoning_imu', 'merge_install': False, 'path': '/home/zyme/ros_ws/death_reckoning_imu/src/dead_reckoning_imu', 'symlink_install': True, 'test_result_base': None}
[2.632s] INFO:colcon.colcon_core.executor:Executing jobs using 'parallel' executor
[2.665s] DEBUG:colcon.colcon_parallel_executor.executor.parallel:run_until_complete
[2.665s] INFO:colcon.colcon_ros.task.ament_cmake.build:Building ROS package in '/home/zyme/ros_ws/death_reckoning_imu/src/dead_reckoning_imu' with build type 'ament_cmake'
[2.665s] INFO:colcon.colcon_cmake.task.cmake.build:Building CMake package in '/home/zyme/ros_ws/death_reckoning_imu/src/dead_reckoning_imu'
[2.694s] INFO:colcon.colcon_core.plugin_system:Skipping extension 'colcon_core.shell.bat': Not used on non-Windows systems
[2.695s] INFO:colcon.colcon_core.shell:Skip shell extension 'powershell' for command environment: Not usable outside of PowerShell
[2.695s] DEBUG:colcon.colcon_core.shell:Skip shell extension 'dsv' for command environment
[2.877s] DEBUG:colcon.colcon_core.event_handler.log_command:Invoking command in '/home/zyme/ros_ws/death_reckoning_imu/build/death_reckoning_imu': CMAKE_PREFIX_PATH=${CMAKE_PREFIX_PATH}:/opt/ros/humble /home/zyme/.local/bin/cmake --build /home/zyme/ros_ws/death_reckoning_imu/build/death_reckoning_imu -- -j12 -l12
[14.045s] DEBUG:colcon.colcon_core.event_handler.log_command:Invoked command in '/home/zyme/ros_ws/death_reckoning_imu/build/death_reckoning_imu' returned '0': CMAKE_PREFIX_PATH=${CMAKE_PREFIX_PATH}:/opt/ros/humble /home/zyme/.local/bin/cmake --build /home/zyme/ros_ws/death_reckoning_imu/build/death_reckoning_imu -- -j12 -l12
[14.227s] DEBUG:colcon.colcon_core.event_handler.log_command:Invoking command in '/home/zyme/ros_ws/death_reckoning_imu/build/death_reckoning_imu': CMAKE_PREFIX_PATH=${CMAKE_PREFIX_PATH}:/opt/ros/humble /home/zyme/.local/bin/cmake --install /home/zyme/ros_ws/death_reckoning_imu/build/death_reckoning_imu
[14.284s] Level 1:colcon.colcon_core.environment:create_environment_scripts_only(death_reckoning_imu)
[14.284s] DEBUG:colcon.colcon_core.event_handler.log_command:Invoked command in '/home/zyme/ros_ws/death_reckoning_imu/build/death_reckoning_imu' returned '0': CMAKE_PREFIX_PATH=${CMAKE_PREFIX_PATH}:/opt/ros/humble /home/zyme/.local/bin/cmake --install /home/zyme/ros_ws/death_reckoning_imu/build/death_reckoning_imu
[14.313s] Level 1:colcon.colcon_core.environment:checking '/home/zyme/ros_ws/death_reckoning_imu/install/death_reckoning_imu' for CMake module files
[14.313s] Level 1:colcon.colcon_core.environment:checking '/home/zyme/ros_ws/death_reckoning_imu/install/death_reckoning_imu' for CMake config files
[14.314s] Level 1:colcon.colcon_core.shell:create_environment_hook('death_reckoning_imu', 'cmake_prefix_path')
[14.339s] INFO:colcon.colcon_core.shell:Creating environment hook '/home/zyme/ros_ws/death_reckoning_imu/install/death_reckoning_imu/share/death_reckoning_imu/hook/cmake_prefix_path.ps1'
[14.339s] INFO:colcon.colcon_core.shell:Creating environment descriptor '/home/zyme/ros_ws/death_reckoning_imu/install/death_reckoning_imu/share/death_reckoning_imu/hook/cmake_prefix_path.dsv'
[14.340s] INFO:colcon.colcon_core.shell:Creating environment hook '/home/zyme/ros_ws/death_reckoning_imu/install/death_reckoning_imu/share/death_reckoning_imu/hook/cmake_prefix_path.sh'
[14.341s] Level 1:colcon.colcon_core.environment:checking '/home/zyme/ros_ws/death_reckoning_imu/install/death_reckoning_imu/lib'
[14.341s] Level 1:colcon.colcon_core.environment:checking '/home/zyme/ros_ws/death_reckoning_imu/install/death_reckoning_imu/bin'
[14.341s] Level 1:colcon.colcon_core.environment:checking '/home/zyme/ros_ws/death_reckoning_imu/install/death_reckoning_imu/lib/pkgconfig/death_reckoning_imu.pc'
[14.341s] Level 1:colcon.colcon_core.environment:checking '/home/zyme/ros_ws/death_reckoning_imu/install/death_reckoning_imu/lib/python3.10/site-packages'
[14.342s] Level 1:colcon.colcon_core.environment:checking '/home/zyme/ros_ws/death_reckoning_imu/install/death_reckoning_imu/bin'
[14.369s] INFO:colcon.colcon_core.shell:Creating package script '/home/zyme/ros_ws/death_reckoning_imu/install/death_reckoning_imu/share/death_reckoning_imu/package.ps1'
[14.371s] INFO:colcon.colcon_core.shell:Creating package descriptor '/home/zyme/ros_ws/death_reckoning_imu/install/death_reckoning_imu/share/death_reckoning_imu/package.dsv'
[14.371s] INFO:colcon.colcon_core.shell:Creating package script '/home/zyme/ros_ws/death_reckoning_imu/install/death_reckoning_imu/share/death_reckoning_imu/package.sh'
[14.372s] INFO:colcon.colcon_core.shell:Creating package script '/home/zyme/ros_ws/death_reckoning_imu/install/death_reckoning_imu/share/death_reckoning_imu/package.bash'
[14.374s] INFO:colcon.colcon_core.shell:Creating package script '/home/zyme/ros_ws/death_reckoning_imu/install/death_reckoning_imu/share/death_reckoning_imu/package.zsh'
[14.375s] Level 1:colcon.colcon_core.environment:create_file_with_runtime_dependencies(/home/zyme/ros_ws/death_reckoning_imu/install/death_reckoning_imu/share/colcon-core/packages/death_reckoning_imu)
[14.495s] Level 1:colcon.colcon_core.environment:create_environment_scripts_only(death_reckoning_imu)
[14.526s] Level 1:colcon.colcon_core.environment:checking '/home/zyme/ros_ws/death_reckoning_imu/install/death_reckoning_imu' for CMake module files
[14.526s] Level 1:colcon.colcon_core.environment:checking '/home/zyme/ros_ws/death_reckoning_imu/install/death_reckoning_imu' for CMake config files
[14.526s] Level 1:colcon.colcon_core.shell:create_environment_hook('death_reckoning_imu', 'cmake_prefix_path')
[14.558s] INFO:colcon.colcon_core.shell:Creating environment hook '/home/zyme/ros_ws/death_reckoning_imu/install/death_reckoning_imu/share/death_reckoning_imu/hook/cmake_prefix_path.ps1'
[14.559s] INFO:colcon.colcon_core.shell:Creating environment descriptor '/home/zyme/ros_ws/death_reckoning_imu/install/death_reckoning_imu/share/death_reckoning_imu/hook/cmake_prefix_path.dsv'
[14.560s] INFO:colcon.colcon_core.shell:Creating environment hook '/home/zyme/ros_ws/death_reckoning_imu/install/death_reckoning_imu/share/death_reckoning_imu/hook/cmake_prefix_path.sh'
[14.560s] Level 1:colcon.colcon_core.environment:checking '/home/zyme/ros_ws/death_reckoning_imu/install/death_reckoning_imu/lib'
[14.561s] Level 1:colcon.colcon_core.environment:checking '/home/zyme/ros_ws/death_reckoning_imu/install/death_reckoning_imu/bin'
[14.561s] Level 1:colcon.colcon_core.environment:checking '/home/zyme/ros_ws/death_reckoning_imu/install/death_reckoning_imu/lib/pkgconfig/death_reckoning_imu.pc'
[14.561s] Level 1:colcon.colcon_core.environment:checking '/home/zyme/ros_ws/death_reckoning_imu/install/death_reckoning_imu/lib/python3.10/site-packages'
[14.562s] Level 1:colcon.colcon_core.environment:checking '/home/zyme/ros_ws/death_reckoning_imu/install/death_reckoning_imu/bin'
[14.593s] INFO:colcon.colcon_core.shell:Creating package script '/home/zyme/ros_ws/death_reckoning_imu/install/death_reckoning_imu/share/death_reckoning_imu/package.ps1'
[14.594s] INFO:colcon.colcon_core.shell:Creating package descriptor '/home/zyme/ros_ws/death_reckoning_imu/install/death_reckoning_imu/share/death_reckoning_imu/package.dsv'
[14.594s] INFO:colcon.colcon_core.shell:Creating package script '/home/zyme/ros_ws/death_reckoning_imu/install/death_reckoning_imu/share/death_reckoning_imu/package.sh'
[14.595s] INFO:colcon.colcon_core.shell:Creating package script '/home/zyme/ros_ws/death_reckoning_imu/install/death_reckoning_imu/share/death_reckoning_imu/package.bash'
[14.595s] INFO:colcon.colcon_core.shell:Creating package script '/home/zyme/ros_ws/death_reckoning_imu/install/death_reckoning_imu/share/death_reckoning_imu/package.zsh'
[14.596s] Level 1:colcon.colcon_core.environment:create_file_with_runtime_dependencies(/home/zyme/ros_ws/death_reckoning_imu/install/death_reckoning_imu/share/colcon-core/packages/death_reckoning_imu)
[14.596s] DEBUG:colcon.colcon_parallel_executor.executor.parallel:closing loop
[14.597s] DEBUG:colcon.colcon_parallel_executor.executor.parallel:loop closed
[14.597s] DEBUG:colcon.colcon_parallel_executor.executor.parallel:run_until_complete finished with '0'
[14.597s] DEBUG:colcon.colcon_core.event_reactor:joining thread
[14.646s] INFO:colcon.colcon_core.plugin_system:Skipping extension 'colcon_notification.desktop_notification.terminal_notifier': Not used on non-Darwin systems
[14.646s] INFO:colcon.colcon_core.plugin_system:Skipping extension 'colcon_notification.desktop_notification.win32': Not used on non-Windows systems
[14.646s] INFO:colcon.colcon_notification.desktop_notification:Sending desktop notification using 'notify2'
[14.668s] DEBUG:colcon.colcon_core.event_reactor:joined thread
[14.701s] INFO:colcon.colcon_core.shell:Creating prefix script '/home/zyme/ros_ws/death_reckoning_imu/install/local_setup.ps1'
[14.705s] INFO:colcon.colcon_core.shell:Creating prefix util module '/home/zyme/ros_ws/death_reckoning_imu/install/_local_setup_util_ps1.py'
[14.707s] INFO:colcon.colcon_core.shell:Creating prefix chain script '/home/zyme/ros_ws/death_reckoning_imu/install/setup.ps1'
[14.743s] INFO:colcon.colcon_core.shell:Creating prefix script '/home/zyme/ros_ws/death_reckoning_imu/install/local_setup.sh'
[14.744s] INFO:colcon.colcon_core.shell:Creating prefix util module '/home/zyme/ros_ws/death_reckoning_imu/install/_local_setup_util_sh.py'
[14.745s] INFO:colcon.colcon_core.shell:Creating prefix chain script '/home/zyme/ros_ws/death_reckoning_imu/install/setup.sh'
[14.780s] INFO:colcon.colcon_core.shell:Creating prefix script '/home/zyme/ros_ws/death_reckoning_imu/install/local_setup.bash'
[14.781s] INFO:colcon.colcon_core.shell:Creating prefix chain script '/home/zyme/ros_ws/death_reckoning_imu/install/setup.bash'
[14.813s] INFO:colcon.colcon_core.shell:Creating prefix script '/home/zyme/ros_ws/death_reckoning_imu/install/local_setup.zsh'
[14.814s] INFO:colcon.colcon_core.shell:Creating prefix chain script '/home/zyme/ros_ws/death_reckoning_imu/install/setup.zsh'
