[0.185s] Invoking command in '/home/zyme/ros_ws/death_reckoning_imu/build/death_reckoning_imu': CMAKE_PREFIX_PATH=${CMAKE_PREFIX_PATH}:/opt/ros/humble /home/zyme/.local/bin/cmake --build /home/zyme/ros_ws/death_reckoning_imu/build/death_reckoning_imu -- -j12 -l12
[0.265s] [ 50%] Built target raw
[0.274s] [ 75%] [32mBuilding CXX object CMakeFiles/play_time.dir/src/play_time.cpp.o[0m
[9.289s] [100%] [32m[1mLinking CXX executable play_time[0m
[9.873s] [100%] Built target play_time
[9.889s] Invoked command in '/home/zyme/ros_ws/death_reckoning_imu/build/death_reckoning_imu' returned '0': CMAKE_PREFIX_PATH=${CMAKE_PREFIX_PATH}:/opt/ros/humble /home/zyme/.local/bin/cmake --build /home/zyme/ros_ws/death_reckoning_imu/build/death_reckoning_imu -- -j12 -l12
[10.035s] Invoking command in '/home/zyme/ros_ws/death_reckoning_imu/build/death_reckoning_imu': CMAKE_PREFIX_PATH=${CMAKE_PREFIX_PATH}:/opt/ros/humble /home/zyme/.local/bin/cmake --install /home/zyme/ros_ws/death_reckoning_imu/build/death_reckoning_imu
[10.077s] -- Install configuration: ""
[10.077s] -- Execute custom install script
[10.078s] -- Up-to-date symlink: /home/zyme/ros_ws/death_reckoning_imu/install/death_reckoning_imu/lib/death_reckoning_imu/play_time
[10.078s] -- Up-to-date symlink: /home/zyme/ros_ws/death_reckoning_imu/install/death_reckoning_imu/lib/death_reckoning_imu/raw
[10.079s] -- Up-to-date symlink: /home/zyme/ros_ws/death_reckoning_imu/install/death_reckoning_imu/share/death_reckoning_imu//launch/cpy.launch
[10.079s] -- Up-to-date symlink: /home/zyme/ros_ws/death_reckoning_imu/install/death_reckoning_imu/share/death_reckoning_imu//launch/death_reckon.launch
[10.080s] -- Up-to-date symlink: /home/zyme/ros_ws/death_reckoning_imu/install/death_reckoning_imu/share/death_reckoning_imu//launch/dr.launch.py
[10.080s] -- Up-to-date symlink: /home/zyme/ros_ws/death_reckoning_imu/install/death_reckoning_imu/share/ament_index/resource_index/package_run_dependencies/death_reckoning_imu
[10.080s] -- Up-to-date symlink: /home/zyme/ros_ws/death_reckoning_imu/install/death_reckoning_imu/share/ament_index/resource_index/parent_prefix_path/death_reckoning_imu
[10.080s] -- Up-to-date symlink: /home/zyme/ros_ws/death_reckoning_imu/install/death_reckoning_imu/share/death_reckoning_imu/environment/ament_prefix_path.sh
[10.081s] -- Up-to-date symlink: /home/zyme/ros_ws/death_reckoning_imu/install/death_reckoning_imu/share/death_reckoning_imu/environment/ament_prefix_path.dsv
[10.081s] -- Up-to-date symlink: /home/zyme/ros_ws/death_reckoning_imu/install/death_reckoning_imu/share/death_reckoning_imu/environment/path.sh
[10.081s] -- Up-to-date symlink: /home/zyme/ros_ws/death_reckoning_imu/install/death_reckoning_imu/share/death_reckoning_imu/environment/path.dsv
[10.082s] -- Up-to-date symlink: /home/zyme/ros_ws/death_reckoning_imu/install/death_reckoning_imu/share/death_reckoning_imu/local_setup.bash
[10.082s] -- Up-to-date symlink: /home/zyme/ros_ws/death_reckoning_imu/install/death_reckoning_imu/share/death_reckoning_imu/local_setup.sh
[10.082s] -- Up-to-date symlink: /home/zyme/ros_ws/death_reckoning_imu/install/death_reckoning_imu/share/death_reckoning_imu/local_setup.zsh
[10.082s] -- Up-to-date symlink: /home/zyme/ros_ws/death_reckoning_imu/install/death_reckoning_imu/share/death_reckoning_imu/local_setup.dsv
[10.083s] -- Symlinking: /home/zyme/ros_ws/death_reckoning_imu/install/death_reckoning_imu/share/death_reckoning_imu/package.dsv
[10.092s] -- Up-to-date symlink: /home/zyme/ros_ws/death_reckoning_imu/install/death_reckoning_imu/share/ament_index/resource_index/packages/death_reckoning_imu
[10.092s] -- Up-to-date symlink: /home/zyme/ros_ws/death_reckoning_imu/install/death_reckoning_imu/share/death_reckoning_imu/cmake/death_reckoning_imuConfig.cmake
[10.093s] -- Up-to-date symlink: /home/zyme/ros_ws/death_reckoning_imu/install/death_reckoning_imu/share/death_reckoning_imu/cmake/death_reckoning_imuConfig-version.cmake
[10.093s] -- Up-to-date symlink: /home/zyme/ros_ws/death_reckoning_imu/install/death_reckoning_imu/share/death_reckoning_imu/package.xml
[10.101s] Invoked command in '/home/zyme/ros_ws/death_reckoning_imu/build/death_reckoning_imu' returned '0': CMAKE_PREFIX_PATH=${CMAKE_PREFIX_PATH}:/opt/ros/humble /home/zyme/.local/bin/cmake --install /home/zyme/ros_ws/death_reckoning_imu/build/death_reckoning_imu
