[0.150s] Invoking command in '/home/zyme/ros_ws/death_reckoning_imu/build/death_reckoning_imu': CMAKE_PREFIX_PATH=${CMAKE_PREFIX_PATH}:/opt/ros/humble /home/zyme/.local/bin/cmake --build /home/zyme/ros_ws/death_reckoning_imu/build/death_reckoning_imu -- -j12 -l12
[0.224s] -- Found ament_cmake: 1.3.5 (/opt/ros/humble/share/ament_cmake/cmake)
[0.497s] -- Override CMake install command with custom implementation using symlinks instead of copying resources
[0.506s] -- Found std_msgs: 4.2.3 (/opt/ros/humble/share/std_msgs/cmake)
[0.550s] -- Found rosidl_generator_c: 3.1.5 (/opt/ros/humble/share/rosidl_generator_c/cmake)
[0.553s] -- Found rosidl_adapter: 3.1.5 (/opt/ros/humble/share/rosidl_adapter/cmake)
[0.562s] -- Found rosidl_generator_cpp: 3.1.5 (/opt/ros/humble/share/rosidl_generator_cpp/cmake)
[0.579s] -- Using all available rosidl_typesupport_c: rosidl_typesupport_microxrcedds_c;rosidl_typesupport_fastrtps_c;rosidl_typesupport_introspection_c
[0.611s] -- Using all available rosidl_typesupport_cpp: rosidl_typesupport_microxrcedds_cpp;rosidl_typesupport_fastrtps_cpp;rosidl_typesupport_introspection_cpp
[0.694s] -- Found geometry_msgs: 4.2.3 (/opt/ros/humble/share/geometry_msgs/cmake)
[0.755s] -- Found rclcpp: 16.0.6 (/opt/ros/humble/share/rclcpp/cmake)
[0.830s] -- Found rmw_implementation_cmake: 6.1.1 (/opt/ros/humble/share/rmw_implementation_cmake/cmake)
[0.833s] -- Found rmw_cyclonedds_cpp: 1.3.4 (/opt/ros/humble/share/rmw_cyclonedds_cpp/cmake)
[0.882s] -- Using RMW implementation 'rmw_cyclonedds_cpp' as default
[1.049s] -- Found tf2: 0.25.4 (/opt/ros/humble/share/tf2/cmake)
[1.060s] -- Found tf2_ros: 0.25.4 (/opt/ros/humble/share/tf2_ros/cmake)
[1.475s] -- Found turtlesim: 1.4.2 (/opt/ros/humble/share/turtlesim/cmake)
[1.536s] -- Found sensor_msgs: 4.2.3 (/opt/ros/humble/share/sensor_msgs/cmake)
[1.640s] -- Found tf2_geometry_msgs: 0.25.4 (/opt/ros/humble/share/tf2_geometry_msgs/cmake)
[1.646s] -- Found eigen3_cmake_module: 0.1.1 (/opt/ros/humble/share/eigen3_cmake_module/cmake)
[1.647s] -- Ensuring Eigen3 include directory is part of orocos-kdl CMake target
[1.658s] -- Found rosidl_default_generators: 1.2.0 (/opt/ros/humble/share/rosidl_default_generators/cmake)
[1.670s] -- Found rviz2: 11.2.8 (/opt/ros/humble/share/rviz2/cmake)
[1.670s] -- Found tf2_sensor_msgs: 0.25.4 (/opt/ros/humble/share/tf2_sensor_msgs/cmake)
[1.692s] -- Found nav_msgs: 4.2.3 (/opt/ros/humble/share/nav_msgs/cmake)
[1.792s] -- Found ament_lint_auto: 0.12.8 (/opt/ros/humble/share/ament_lint_auto/cmake)
[1.879s] -- Added test 'cppcheck' to perform static code analysis on C / C++ code
[1.879s] -- Configured cppcheck include dirs: 
[1.879s] -- Configured cppcheck exclude dirs and/or files: 
[1.880s] -- Added test 'flake8' to check Python code syntax and style conventions
[1.880s] -- Added test 'lint_cmake' to check CMake code style
[1.881s] -- Added test 'pep257' to check Python code against some of the docstring style conventions in PEP 257
[1.882s] -- Added test 'uncrustify' to check C / C++ code style
[1.882s] -- Configured uncrustify additional arguments: 
[1.882s] -- Added test 'xmllint' to check XML markup files
[1.884s] -- Configuring done (1.7s)
[1.915s] -- Generating done (0.0s)
[1.921s] -- Build files have been written to: /home/zyme/ros_ws/death_reckoning_imu/build/death_reckoning_imu
[1.945s] [ 16%] [32mBuilding CXX object CMakeFiles/dis.dir/src/dis.cpp.o[0m
[1.959s] [ 66%] [32mBuilding CXX object CMakeFiles/play_time.dir/src/play_time.cpp.o[0m
[1.959s] [ 66%] Built target raw
[4.630s] [01m[K/home/zyme/ros_ws/death_reckoning_imu/src/dead_reckoning_imu/src/play_time.cpp:[m[K In member function ‘[01m[Kvoid IMU2Twist::imuCallback(std::shared_ptr<sensor_msgs::msg::Imu_<std::allocator<void> > >)[m[K’:
[4.630s] [01m[K/home/zyme/ros_ws/death_reckoning_imu/src/dead_reckoning_imu/src/play_time.cpp:38:16:[m[K [01;35m[Kwarning: [m[Kunused variable ‘[01m[Ktime_now[m[K’ [[01;35m[K]8;;https://gcc.gnu.org/onlinedocs/gcc/Warning-Options.html#index-Wunused-variable-Wunused-variable]8;;[m[K]
[4.630s]    38 |         double [01;35m[Ktime_now[m[K = now.seconds();
[4.630s]       |                [01;35m[K^~~~~~~~[m[K
[10.934s] [ 83%] [32m[1mLinking CXX executable dis[0m
[11.008s] [100%] [32m[1mLinking CXX executable play_time[0m
[11.655s] [100%] Built target play_time
[11.662s] [100%] Built target dis
[11.674s] Invoked command in '/home/zyme/ros_ws/death_reckoning_imu/build/death_reckoning_imu' returned '0': CMAKE_PREFIX_PATH=${CMAKE_PREFIX_PATH}:/opt/ros/humble /home/zyme/.local/bin/cmake --build /home/zyme/ros_ws/death_reckoning_imu/build/death_reckoning_imu -- -j12 -l12
[11.786s] Invoking command in '/home/zyme/ros_ws/death_reckoning_imu/build/death_reckoning_imu': CMAKE_PREFIX_PATH=${CMAKE_PREFIX_PATH}:/opt/ros/humble /home/zyme/.local/bin/cmake --install /home/zyme/ros_ws/death_reckoning_imu/build/death_reckoning_imu
[11.816s] -- Install configuration: ""
[11.817s] -- Execute custom install script
[11.818s] -- Up-to-date symlink: /home/zyme/ros_ws/death_reckoning_imu/install/death_reckoning_imu/lib/death_reckoning_imu/play_time
[11.818s] -- Symlinking: /home/zyme/ros_ws/death_reckoning_imu/install/death_reckoning_imu/lib/death_reckoning_imu/dis
[11.822s] -- Up-to-date symlink: /home/zyme/ros_ws/death_reckoning_imu/install/death_reckoning_imu/lib/death_reckoning_imu/raw
[11.823s] -- Up-to-date symlink: /home/zyme/ros_ws/death_reckoning_imu/install/death_reckoning_imu/share/death_reckoning_imu//launch/cpy.launch
[11.823s] -- Up-to-date symlink: /home/zyme/ros_ws/death_reckoning_imu/install/death_reckoning_imu/share/death_reckoning_imu//launch/death_reckon.launch
[11.823s] -- Up-to-date symlink: /home/zyme/ros_ws/death_reckoning_imu/install/death_reckoning_imu/share/death_reckoning_imu//launch/dr.launch.py
[11.823s] -- Up-to-date symlink: /home/zyme/ros_ws/death_reckoning_imu/install/death_reckoning_imu/share/ament_index/resource_index/package_run_dependencies/death_reckoning_imu
[11.823s] -- Up-to-date symlink: /home/zyme/ros_ws/death_reckoning_imu/install/death_reckoning_imu/share/ament_index/resource_index/parent_prefix_path/death_reckoning_imu
[11.823s] -- Up-to-date symlink: /home/zyme/ros_ws/death_reckoning_imu/install/death_reckoning_imu/share/death_reckoning_imu/environment/ament_prefix_path.sh
[11.823s] -- Up-to-date symlink: /home/zyme/ros_ws/death_reckoning_imu/install/death_reckoning_imu/share/death_reckoning_imu/environment/ament_prefix_path.dsv
[11.824s] -- Up-to-date symlink: /home/zyme/ros_ws/death_reckoning_imu/install/death_reckoning_imu/share/death_reckoning_imu/environment/path.sh
[11.824s] -- Up-to-date symlink: /home/zyme/ros_ws/death_reckoning_imu/install/death_reckoning_imu/share/death_reckoning_imu/environment/path.dsv
[11.824s] -- Up-to-date symlink: /home/zyme/ros_ws/death_reckoning_imu/install/death_reckoning_imu/share/death_reckoning_imu/local_setup.bash
[11.824s] -- Up-to-date symlink: /home/zyme/ros_ws/death_reckoning_imu/install/death_reckoning_imu/share/death_reckoning_imu/local_setup.sh
[11.825s] -- Up-to-date symlink: /home/zyme/ros_ws/death_reckoning_imu/install/death_reckoning_imu/share/death_reckoning_imu/local_setup.zsh
[11.825s] -- Up-to-date symlink: /home/zyme/ros_ws/death_reckoning_imu/install/death_reckoning_imu/share/death_reckoning_imu/local_setup.dsv
[11.825s] -- Symlinking: /home/zyme/ros_ws/death_reckoning_imu/install/death_reckoning_imu/share/death_reckoning_imu/package.dsv
[11.829s] -- Up-to-date symlink: /home/zyme/ros_ws/death_reckoning_imu/install/death_reckoning_imu/share/ament_index/resource_index/packages/death_reckoning_imu
[11.829s] -- Up-to-date symlink: /home/zyme/ros_ws/death_reckoning_imu/install/death_reckoning_imu/share/death_reckoning_imu/cmake/death_reckoning_imuConfig.cmake
[11.829s] -- Up-to-date symlink: /home/zyme/ros_ws/death_reckoning_imu/install/death_reckoning_imu/share/death_reckoning_imu/cmake/death_reckoning_imuConfig-version.cmake
[11.829s] -- Up-to-date symlink: /home/zyme/ros_ws/death_reckoning_imu/install/death_reckoning_imu/share/death_reckoning_imu/package.xml
[11.835s] Invoked command in '/home/zyme/ros_ws/death_reckoning_imu/build/death_reckoning_imu' returned '0': CMAKE_PREFIX_PATH=${CMAKE_PREFIX_PATH}:/opt/ros/humble /home/zyme/.local/bin/cmake --install /home/zyme/ros_ws/death_reckoning_imu/build/death_reckoning_imu
