[0.155s] Invoking command in '/home/zyme/ros_ws/death_reckoning_imu/build/death_reckoning_imu': CMAKE_PREFIX_PATH=${CMAKE_PREFIX_PATH}:/opt/ros/humble /home/zyme/.local/bin/cmake --build /home/zyme/ros_ws/death_reckoning_imu/build/death_reckoning_imu -- -j12 -l12
[0.224s] -- Found ament_cmake: 1.3.5 (/opt/ros/humble/share/ament_cmake/cmake)
[0.482s] -- Override CMake install command with custom implementation using symlinks instead of copying resources
[0.490s] -- Found std_msgs: 4.2.3 (/opt/ros/humble/share/std_msgs/cmake)
[0.527s] -- Found rosidl_generator_c: 3.1.5 (/opt/ros/humble/share/rosidl_generator_c/cmake)
[0.531s] -- Found rosidl_adapter: 3.1.5 (/opt/ros/humble/share/rosidl_adapter/cmake)
[0.539s] -- Found rosidl_generator_cpp: 3.1.5 (/opt/ros/humble/share/rosidl_generator_cpp/cmake)
[0.554s] -- Using all available rosidl_typesupport_c: rosidl_typesupport_microxrcedds_c;rosidl_typesupport_fastrtps_c;rosidl_typesupport_introspection_c
[0.582s] -- Using all available rosidl_typesupport_cpp: rosidl_typesupport_microxrcedds_cpp;rosidl_typesupport_fastrtps_cpp;rosidl_typesupport_introspection_cpp
[0.656s] -- Found geometry_msgs: 4.2.3 (/opt/ros/humble/share/geometry_msgs/cmake)
[0.707s] -- Found rclcpp: 16.0.6 (/opt/ros/humble/share/rclcpp/cmake)
[0.779s] -- Found rmw_implementation_cmake: 6.1.1 (/opt/ros/humble/share/rmw_implementation_cmake/cmake)
[0.780s] -- Found rmw_cyclonedds_cpp: 1.3.4 (/opt/ros/humble/share/rmw_cyclonedds_cpp/cmake)
[0.819s] -- Using RMW implementation 'rmw_cyclonedds_cpp' as default
[0.982s] -- Found tf2: 0.25.4 (/opt/ros/humble/share/tf2/cmake)
[0.992s] -- Found tf2_ros: 0.25.4 (/opt/ros/humble/share/tf2_ros/cmake)
[1.384s] -- Found turtlesim: 1.4.2 (/opt/ros/humble/share/turtlesim/cmake)
[1.444s] -- Found sensor_msgs: 4.2.3 (/opt/ros/humble/share/sensor_msgs/cmake)
[1.544s] -- Found tf2_geometry_msgs: 0.25.4 (/opt/ros/humble/share/tf2_geometry_msgs/cmake)
[1.549s] -- Found eigen3_cmake_module: 0.1.1 (/opt/ros/humble/share/eigen3_cmake_module/cmake)
[1.550s] -- Ensuring Eigen3 include directory is part of orocos-kdl CMake target
[1.561s] -- Found rosidl_default_generators: 1.2.0 (/opt/ros/humble/share/rosidl_default_generators/cmake)
[1.572s] -- Found rviz2: 11.2.8 (/opt/ros/humble/share/rviz2/cmake)
[1.572s] -- Found tf2_sensor_msgs: 0.25.4 (/opt/ros/humble/share/tf2_sensor_msgs/cmake)
[1.595s] -- Found nav_msgs: 4.2.3 (/opt/ros/humble/share/nav_msgs/cmake)
[1.693s] -- Found ament_lint_auto: 0.12.8 (/opt/ros/humble/share/ament_lint_auto/cmake)
[1.785s] -- Added test 'cppcheck' to perform static code analysis on C / C++ code
[1.786s] -- Configured cppcheck include dirs: 
[1.786s] -- Configured cppcheck exclude dirs and/or files: 
[1.786s] -- Added test 'flake8' to check Python code syntax and style conventions
[1.787s] -- Added test 'lint_cmake' to check CMake code style
[1.787s] -- Added test 'pep257' to check Python code against some of the docstring style conventions in PEP 257
[1.788s] -- Added test 'uncrustify' to check C / C++ code style
[1.788s] -- Configured uncrustify additional arguments: 
[1.788s] -- Added test 'xmllint' to check XML markup files
[1.789s] -- Configuring done (1.6s)
[1.811s] -- Generating done (0.0s)
[1.813s] -- Build files have been written to: /home/zyme/ros_ws/death_reckoning_imu/build/death_reckoning_imu
[1.836s] [ 25%] [32mBuilding CXX object CMakeFiles/play_time.dir/src/play_time.cpp.o[0m
[1.850s] [ 75%] Built target raw
[12.163s] [100%] [32m[1mLinking CXX executable play_time[0m
[12.653s] [100%] Built target play_time
[12.661s] Invoked command in '/home/zyme/ros_ws/death_reckoning_imu/build/death_reckoning_imu' returned '0': CMAKE_PREFIX_PATH=${CMAKE_PREFIX_PATH}:/opt/ros/humble /home/zyme/.local/bin/cmake --build /home/zyme/ros_ws/death_reckoning_imu/build/death_reckoning_imu -- -j12 -l12
[12.762s] Invoking command in '/home/zyme/ros_ws/death_reckoning_imu/build/death_reckoning_imu': CMAKE_PREFIX_PATH=${CMAKE_PREFIX_PATH}:/opt/ros/humble /home/zyme/.local/bin/cmake --install /home/zyme/ros_ws/death_reckoning_imu/build/death_reckoning_imu
[12.791s] -- Install configuration: ""
[12.792s] -- Execute custom install script
[12.792s] -- Symlinking: /home/zyme/ros_ws/death_reckoning_imu/install/death_reckoning_imu/lib/death_reckoning_imu/play_time
[12.797s] -- Up-to-date symlink: /home/zyme/ros_ws/death_reckoning_imu/install/death_reckoning_imu/lib/death_reckoning_imu/raw
[12.797s] -- Up-to-date symlink: /home/zyme/ros_ws/death_reckoning_imu/install/death_reckoning_imu/share/death_reckoning_imu//launch/cpy.launch
[12.797s] -- Up-to-date symlink: /home/zyme/ros_ws/death_reckoning_imu/install/death_reckoning_imu/share/death_reckoning_imu//launch/death_reckon.launch
[12.797s] -- Up-to-date symlink: /home/zyme/ros_ws/death_reckoning_imu/install/death_reckoning_imu/share/death_reckoning_imu//launch/dr.launch.py
[12.798s] -- Up-to-date symlink: /home/zyme/ros_ws/death_reckoning_imu/install/death_reckoning_imu/share/ament_index/resource_index/package_run_dependencies/death_reckoning_imu
[12.798s] -- Up-to-date symlink: /home/zyme/ros_ws/death_reckoning_imu/install/death_reckoning_imu/share/ament_index/resource_index/parent_prefix_path/death_reckoning_imu
[12.798s] -- Up-to-date symlink: /home/zyme/ros_ws/death_reckoning_imu/install/death_reckoning_imu/share/death_reckoning_imu/environment/ament_prefix_path.sh
[12.798s] -- Up-to-date symlink: /home/zyme/ros_ws/death_reckoning_imu/install/death_reckoning_imu/share/death_reckoning_imu/environment/ament_prefix_path.dsv
[12.799s] -- Up-to-date symlink: /home/zyme/ros_ws/death_reckoning_imu/install/death_reckoning_imu/share/death_reckoning_imu/environment/path.sh
[12.799s] -- Up-to-date symlink: /home/zyme/ros_ws/death_reckoning_imu/install/death_reckoning_imu/share/death_reckoning_imu/environment/path.dsv
[12.799s] -- Up-to-date symlink: /home/zyme/ros_ws/death_reckoning_imu/install/death_reckoning_imu/share/death_reckoning_imu/local_setup.bash
[12.799s] -- Up-to-date symlink: /home/zyme/ros_ws/death_reckoning_imu/install/death_reckoning_imu/share/death_reckoning_imu/local_setup.sh
[12.800s] -- Up-to-date symlink: /home/zyme/ros_ws/death_reckoning_imu/install/death_reckoning_imu/share/death_reckoning_imu/local_setup.zsh
[12.800s] -- Up-to-date symlink: /home/zyme/ros_ws/death_reckoning_imu/install/death_reckoning_imu/share/death_reckoning_imu/local_setup.dsv
[12.800s] -- Symlinking: /home/zyme/ros_ws/death_reckoning_imu/install/death_reckoning_imu/share/death_reckoning_imu/package.dsv
[12.805s] -- Up-to-date symlink: /home/zyme/ros_ws/death_reckoning_imu/install/death_reckoning_imu/share/ament_index/resource_index/packages/death_reckoning_imu
[12.805s] -- Up-to-date symlink: /home/zyme/ros_ws/death_reckoning_imu/install/death_reckoning_imu/share/death_reckoning_imu/cmake/death_reckoning_imuConfig.cmake
[12.805s] -- Up-to-date symlink: /home/zyme/ros_ws/death_reckoning_imu/install/death_reckoning_imu/share/death_reckoning_imu/cmake/death_reckoning_imuConfig-version.cmake
[12.805s] -- Up-to-date symlink: /home/zyme/ros_ws/death_reckoning_imu/install/death_reckoning_imu/share/death_reckoning_imu/package.xml
[12.810s] Invoked command in '/home/zyme/ros_ws/death_reckoning_imu/build/death_reckoning_imu' returned '0': CMAKE_PREFIX_PATH=${CMAKE_PREFIX_PATH}:/opt/ros/humble /home/zyme/.local/bin/cmake --install /home/zyme/ros_ws/death_reckoning_imu/build/death_reckoning_imu
