[0.213s] Invoking command in '/home/zyme/ros_ws/death_reckoning_imu/build/death_reckoning_imu': CMAKE_PREFIX_PATH=${CMAKE_PREFIX_PATH}:/opt/ros/humble /home/zyme/.local/bin/cmake --build /home/zyme/ros_ws/death_reckoning_imu/build/death_reckoning_imu -- -j12 -l12
[0.329s] [ 33%] Built target raw
[0.340s] [ 66%] Built target play_time
[0.341s] [ 83%] [32mBuilding CXX object CMakeFiles/dis.dir/src/dis.cpp.o[0m
[3.962s] In file included from [01m[K/opt/ros/humble/include/rclcpp/rclcpp/logging.hpp:24[m[K,
[3.962s]                  from [01m[K/opt/ros/humble/include/rclcpp/rclcpp/client.hpp:40[m[K,
[3.962s]                  from [01m[K/opt/ros/humble/include/rclcpp/rclcpp/callback_group.hpp:24[m[K,
[3.962s]                  from [01m[K/opt/ros/humble/include/rclcpp/rclcpp/any_executable.hpp:20[m[K,
[3.962s]                  from [01m[K/opt/ros/humble/include/rclcpp/rclcpp/memory_strategy.hpp:25[m[K,
[3.962s]                  from [01m[K/opt/ros/humble/include/rclcpp/rclcpp/memory_strategies.hpp:18[m[K,
[3.962s]                  from [01m[K/opt/ros/humble/include/rclcpp/rclcpp/executor_options.hpp:20[m[K,
[3.962s]                  from [01m[K/opt/ros/humble/include/rclcpp/rclcpp/executor.hpp:37[m[K,
[3.963s]                  from [01m[K/opt/ros/humble/include/rclcpp/rclcpp/executors/multi_threaded_executor.hpp:25[m[K,
[3.963s]                  from [01m[K/opt/ros/humble/include/rclcpp/rclcpp/executors.hpp:21[m[K,
[3.963s]                  from [01m[K/opt/ros/humble/include/rclcpp/rclcpp/rclcpp.hpp:155[m[K,
[3.963s]                  from [01m[K/home/zyme/ros_ws/death_reckoning_imu/src/dead_reckoning_imu/src/dis.cpp:1[m[K:
[3.963s] [01m[K/home/zyme/ros_ws/death_reckoning_imu/src/dead_reckoning_imu/src/dis.cpp:[m[K In member function ‘[01m[Kvoid IMU_DR::PoseCallback(std::shared_ptr<geometry_msgs::msg::Twist_<std::allocator<void> > >)[m[K’:
[3.963s] [01m[K/home/zyme/ros_ws/death_reckoning_imu/src/dead_reckoning_imu/src/dis.cpp:61:41:[m[K [01;35m[Kwarning: [m[Kformat ‘[01m[K%f[m[K’ expects argument of type ‘[01m[Kdouble[m[K’, but argument 5 has type ‘[01m[Kint[m[K’ [[01;35m[K]8;;https://gcc.gnu.org/onlinedocs/gcc/Warning-Options.html#index-Wformat=-Wformat=]8;;[m[K]
[3.963s]    61 |         RCLCPP_INFO(this->get_logger(), [01;35m[K"I heard: '%f'"[m[K, [32m[Kpos_x[m[K);
[3.963s]       |                                         [01;35m[K^~~~~~~~~~~~~~~[m[K  [32m[K~~~~~[m[K
[3.963s]       |                                                          [32m[K|[m[K
[3.963s]       |                                                          [32m[Kint[m[K
[3.963s] [01m[K/home/zyme/ros_ws/death_reckoning_imu/src/dead_reckoning_imu/src/dis.cpp:61:53:[m[K [01;36m[Knote: [m[Kformat string is defined here
[3.963s]    61 |         RCLCPP_INFO(this->get_logger(), "I heard: '[01;36m[K%f[m[K'", pos_x);
[3.963s]       |                                                    [01;36m[K~^[m[K
[3.963s]       |                                                     [01;36m[K|[m[K
[3.963s]       |                                                     [01;36m[Kdouble[m[K
[3.963s]       |                                                    [32m[K%d[m[K
[10.257s] [100%] [32m[1mLinking CXX executable dis[0m
[10.938s] [100%] Built target dis
[10.960s] Invoked command in '/home/zyme/ros_ws/death_reckoning_imu/build/death_reckoning_imu' returned '0': CMAKE_PREFIX_PATH=${CMAKE_PREFIX_PATH}:/opt/ros/humble /home/zyme/.local/bin/cmake --build /home/zyme/ros_ws/death_reckoning_imu/build/death_reckoning_imu -- -j12 -l12
[11.139s] Invoking command in '/home/zyme/ros_ws/death_reckoning_imu/build/death_reckoning_imu': CMAKE_PREFIX_PATH=${CMAKE_PREFIX_PATH}:/opt/ros/humble /home/zyme/.local/bin/cmake --install /home/zyme/ros_ws/death_reckoning_imu/build/death_reckoning_imu
[11.170s] -- Install configuration: ""
[11.170s] -- Execute custom install script
[11.171s] -- Up-to-date symlink: /home/zyme/ros_ws/death_reckoning_imu/install/death_reckoning_imu/lib/death_reckoning_imu/play_time
[11.171s] -- Up-to-date symlink: /home/zyme/ros_ws/death_reckoning_imu/install/death_reckoning_imu/lib/death_reckoning_imu/dis
[11.171s] -- Up-to-date symlink: /home/zyme/ros_ws/death_reckoning_imu/install/death_reckoning_imu/lib/death_reckoning_imu/raw
[11.171s] -- Up-to-date symlink: /home/zyme/ros_ws/death_reckoning_imu/install/death_reckoning_imu/share/death_reckoning_imu//launch/cpy.launch
[11.171s] -- Up-to-date symlink: /home/zyme/ros_ws/death_reckoning_imu/install/death_reckoning_imu/share/death_reckoning_imu//launch/death_reckon.launch
[11.172s] -- Up-to-date symlink: /home/zyme/ros_ws/death_reckoning_imu/install/death_reckoning_imu/share/death_reckoning_imu//launch/dr.launch.py
[11.172s] -- Up-to-date symlink: /home/zyme/ros_ws/death_reckoning_imu/install/death_reckoning_imu/share/ament_index/resource_index/package_run_dependencies/death_reckoning_imu
[11.172s] -- Up-to-date symlink: /home/zyme/ros_ws/death_reckoning_imu/install/death_reckoning_imu/share/ament_index/resource_index/parent_prefix_path/death_reckoning_imu
[11.172s] -- Up-to-date symlink: /home/zyme/ros_ws/death_reckoning_imu/install/death_reckoning_imu/share/death_reckoning_imu/environment/ament_prefix_path.sh
[11.172s] -- Up-to-date symlink: /home/zyme/ros_ws/death_reckoning_imu/install/death_reckoning_imu/share/death_reckoning_imu/environment/ament_prefix_path.dsv
[11.172s] -- Up-to-date symlink: /home/zyme/ros_ws/death_reckoning_imu/install/death_reckoning_imu/share/death_reckoning_imu/environment/path.sh
[11.172s] -- Up-to-date symlink: /home/zyme/ros_ws/death_reckoning_imu/install/death_reckoning_imu/share/death_reckoning_imu/environment/path.dsv
[11.173s] -- Up-to-date symlink: /home/zyme/ros_ws/death_reckoning_imu/install/death_reckoning_imu/share/death_reckoning_imu/local_setup.bash
[11.173s] -- Up-to-date symlink: /home/zyme/ros_ws/death_reckoning_imu/install/death_reckoning_imu/share/death_reckoning_imu/local_setup.sh
[11.173s] -- Up-to-date symlink: /home/zyme/ros_ws/death_reckoning_imu/install/death_reckoning_imu/share/death_reckoning_imu/local_setup.zsh
[11.173s] -- Up-to-date symlink: /home/zyme/ros_ws/death_reckoning_imu/install/death_reckoning_imu/share/death_reckoning_imu/local_setup.dsv
[11.173s] -- Symlinking: /home/zyme/ros_ws/death_reckoning_imu/install/death_reckoning_imu/share/death_reckoning_imu/package.dsv
[11.178s] -- Up-to-date symlink: /home/zyme/ros_ws/death_reckoning_imu/install/death_reckoning_imu/share/ament_index/resource_index/packages/death_reckoning_imu
[11.178s] -- Up-to-date symlink: /home/zyme/ros_ws/death_reckoning_imu/install/death_reckoning_imu/share/death_reckoning_imu/cmake/death_reckoning_imuConfig.cmake
[11.178s] -- Up-to-date symlink: /home/zyme/ros_ws/death_reckoning_imu/install/death_reckoning_imu/share/death_reckoning_imu/cmake/death_reckoning_imuConfig-version.cmake
[11.178s] -- Up-to-date symlink: /home/zyme/ros_ws/death_reckoning_imu/install/death_reckoning_imu/share/death_reckoning_imu/package.xml
[11.192s] Invoked command in '/home/zyme/ros_ws/death_reckoning_imu/build/death_reckoning_imu' returned '0': CMAKE_PREFIX_PATH=${CMAKE_PREFIX_PATH}:/opt/ros/humble /home/zyme/.local/bin/cmake --install /home/zyme/ros_ws/death_reckoning_imu/build/death_reckoning_imu
