[1.905s] DEBUG:colcon:Command line arguments: ['/usr/bin/colcon', 'build', '--symlink-install']
[1.905s] DEBUG:colcon:Parsed command line arguments: Namespace(log_base=None, log_level=None, verb_name='build', build_base='build', install_base='install', merge_install=False, symlink_install=True, test_result_base=None, continue_on_error=False, executor='parallel', parallel_workers=12, event_handlers=None, ignore_user_meta=False, metas=['./colcon.meta'], base_paths=['.'], packages_ignore=None, packages_ignore_regex=None, paths=None, packages_up_to=None, packages_up_to_regex=None, packages_above=None, packages_above_and_dependencies=None, packages_above_depth=None, packages_select_by_dep=None, packages_skip_by_dep=None, packages_skip_up_to=None, packages_select_build_failed=False, packages_skip_build_finished=False, packages_select_test_failures=False, packages_skip_test_passed=False, packages_select=None, packages_skip=None, packages_select_regex=None, packages_skip_regex=None, packages_start=None, packages_end=None, allow_overriding=[], cmake_args=None, cmake_target=None, cmake_target_skip_unavailable=False, cmake_clean_cache=False, cmake_clean_first=False, cmake_force_configure=False, ament_cmake_args=None, catkin_cmake_args=None, catkin_skip_building_tests=False, mixin_files=None, mixin=None, verb_parser=<colcon_mixin.mixin.mixin_argument.MixinArgumentDecorator object at 0x7fdfcc084940>, verb_extension=<colcon_core.verb.build.BuildVerb object at 0x7fdfcc085f00>, main=<bound method BuildVerb.main of <colcon_core.verb.build.BuildVerb object at 0x7fdfcc085f00>>, mixin_verb=('build',))
[1.982s] Level 1:colcon.colcon_core.package_discovery:discover_packages(colcon_meta) check parameters
[1.982s] Level 1:colcon.colcon_core.package_discovery:discover_packages(recursive) check parameters
[1.982s] Level 1:colcon.colcon_core.package_discovery:discover_packages(ignore) check parameters
[1.982s] Level 1:colcon.colcon_core.package_discovery:discover_packages(path) check parameters
[1.982s] Level 1:colcon.colcon_core.package_discovery:discover_packages(colcon_meta) discover
[1.982s] Level 1:colcon.colcon_core.package_discovery:discover_packages(recursive) discover
[1.982s] INFO:colcon.colcon_core.package_discovery:Crawling recursively for packages in '/home/zyme/ros_ws/death_reckoning_imu'
[1.982s] Level 1:colcon.colcon_core.package_identification:_identify(.) by extensions ['ignore', 'ignore_ament_install']
[1.982s] Level 1:colcon.colcon_core.package_identification:_identify(.) by extension 'ignore'
[1.983s] Level 1:colcon.colcon_core.package_identification:_identify(.) by extension 'ignore_ament_install'
[1.983s] Level 1:colcon.colcon_core.package_identification:_identify(.) by extensions ['colcon_pkg']
[1.983s] Level 1:colcon.colcon_core.package_identification:_identify(.) by extension 'colcon_pkg'
[1.983s] Level 1:colcon.colcon_core.package_identification:_identify(.) by extensions ['colcon_meta']
[1.983s] Level 1:colcon.colcon_core.package_identification:_identify(.) by extension 'colcon_meta'
[1.983s] Level 1:colcon.colcon_core.package_identification:_identify(.) by extensions ['ros']
[1.983s] Level 1:colcon.colcon_core.package_identification:_identify(.) by extension 'ros'
[2.018s] Level 1:colcon.colcon_core.package_identification:_identify(.) by extensions ['cmake', 'python']
[2.018s] Level 1:colcon.colcon_core.package_identification:_identify(.) by extension 'cmake'
[2.018s] Level 1:colcon.colcon_core.package_identification:_identify(.) by extension 'python'
[2.018s] Level 1:colcon.colcon_core.package_identification:_identify(.) by extensions ['python_setup_py']
[2.018s] Level 1:colcon.colcon_core.package_identification:_identify(.) by extension 'python_setup_py'
[2.018s] Level 1:colcon.colcon_core.package_identification:_identify(build) by extensions ['ignore', 'ignore_ament_install']
[2.018s] Level 1:colcon.colcon_core.package_identification:_identify(build) by extension 'ignore'
[2.018s] Level 1:colcon.colcon_core.package_identification:_identify(build) ignored
[2.018s] Level 1:colcon.colcon_core.package_identification:_identify(install) by extensions ['ignore', 'ignore_ament_install']
[2.019s] Level 1:colcon.colcon_core.package_identification:_identify(install) by extension 'ignore'
[2.019s] Level 1:colcon.colcon_core.package_identification:_identify(install) ignored
[2.019s] Level 1:colcon.colcon_core.package_identification:_identify(log) by extensions ['ignore', 'ignore_ament_install']
[2.019s] Level 1:colcon.colcon_core.package_identification:_identify(log) by extension 'ignore'
[2.019s] Level 1:colcon.colcon_core.package_identification:_identify(log) ignored
[2.019s] Level 1:colcon.colcon_core.package_identification:_identify(src) by extensions ['ignore', 'ignore_ament_install']
[2.019s] Level 1:colcon.colcon_core.package_identification:_identify(src) by extension 'ignore'
[2.019s] Level 1:colcon.colcon_core.package_identification:_identify(src) by extension 'ignore_ament_install'
[2.019s] Level 1:colcon.colcon_core.package_identification:_identify(src) by extensions ['colcon_pkg']
[2.019s] Level 1:colcon.colcon_core.package_identification:_identify(src) by extension 'colcon_pkg'
[2.019s] Level 1:colcon.colcon_core.package_identification:_identify(src) by extensions ['colcon_meta']
[2.019s] Level 1:colcon.colcon_core.package_identification:_identify(src) by extension 'colcon_meta'
[2.019s] Level 1:colcon.colcon_core.package_identification:_identify(src) by extensions ['ros']
[2.019s] Level 1:colcon.colcon_core.package_identification:_identify(src) by extension 'ros'
[2.019s] Level 1:colcon.colcon_core.package_identification:_identify(src) by extensions ['cmake', 'python']
[2.019s] Level 1:colcon.colcon_core.package_identification:_identify(src) by extension 'cmake'
[2.019s] Level 1:colcon.colcon_core.package_identification:_identify(src) by extension 'python'
[2.019s] Level 1:colcon.colcon_core.package_identification:_identify(src) by extensions ['python_setup_py']
[2.020s] Level 1:colcon.colcon_core.package_identification:_identify(src) by extension 'python_setup_py'
[2.020s] Level 1:colcon.colcon_core.package_identification:_identify(src/dead_reckoning_imu) by extensions ['ignore', 'ignore_ament_install']
[2.020s] Level 1:colcon.colcon_core.package_identification:_identify(src/dead_reckoning_imu) by extension 'ignore'
[2.020s] Level 1:colcon.colcon_core.package_identification:_identify(src/dead_reckoning_imu) by extension 'ignore_ament_install'
[2.020s] Level 1:colcon.colcon_core.package_identification:_identify(src/dead_reckoning_imu) by extensions ['colcon_pkg']
[2.020s] Level 1:colcon.colcon_core.package_identification:_identify(src/dead_reckoning_imu) by extension 'colcon_pkg'
[2.020s] Level 1:colcon.colcon_core.package_identification:_identify(src/dead_reckoning_imu) by extensions ['colcon_meta']
[2.020s] Level 1:colcon.colcon_core.package_identification:_identify(src/dead_reckoning_imu) by extension 'colcon_meta'
[2.020s] Level 1:colcon.colcon_core.package_identification:_identify(src/dead_reckoning_imu) by extensions ['ros']
[2.020s] Level 1:colcon.colcon_core.package_identification:_identify(src/dead_reckoning_imu) by extension 'ros'
[2.023s] DEBUG:colcon.colcon_core.package_identification:Package 'src/dead_reckoning_imu' with type 'ros.ament_cmake' and name 'death_reckoning_imu'
[2.023s] Level 1:colcon.colcon_core.package_discovery:discover_packages(recursive) using defaults
[2.023s] Level 1:colcon.colcon_core.package_discovery:discover_packages(ignore) discover
[2.023s] Level 1:colcon.colcon_core.package_discovery:discover_packages(ignore) using defaults
[2.023s] Level 1:colcon.colcon_core.package_discovery:discover_packages(path) discover
[2.023s] Level 1:colcon.colcon_core.package_discovery:discover_packages(path) using defaults
[2.177s] Level 1:colcon.colcon_core.package_discovery:discover_packages(prefix_path) check parameters
[2.177s] Level 1:colcon.colcon_core.package_discovery:discover_packages(prefix_path) discover
[2.225s] DEBUG:colcon.colcon_installed_package_information.package_discovery:Found 1 installed packages in /home/zyme/ros_ws/death_reckoning_imu/install
[2.250s] DEBUG:colcon.colcon_installed_package_information.package_discovery:Found 11 installed packages in /home/zyme/ros_ws/microros_ws/install
[2.280s] DEBUG:colcon.colcon_installed_package_information.package_discovery:Found 1 installed packages in /home/zyme/ros_ws/gyro/gyro_micro_ros/install
[2.317s] DEBUG:colcon.colcon_installed_package_information.package_discovery:Found 431 installed packages in /opt/ros/humble
[2.320s] Level 1:colcon.colcon_core.package_discovery:discover_packages(prefix_path) using defaults
[2.473s] Level 5:colcon.colcon_core.verb:set package 'death_reckoning_imu' build argument 'cmake_args' from command line to 'None'
[2.473s] Level 5:colcon.colcon_core.verb:set package 'death_reckoning_imu' build argument 'cmake_target' from command line to 'None'
[2.473s] Level 5:colcon.colcon_core.verb:set package 'death_reckoning_imu' build argument 'cmake_target_skip_unavailable' from command line to 'False'
[2.473s] Level 5:colcon.colcon_core.verb:set package 'death_reckoning_imu' build argument 'cmake_clean_cache' from command line to 'False'
[2.473s] Level 5:colcon.colcon_core.verb:set package 'death_reckoning_imu' build argument 'cmake_clean_first' from command line to 'False'
[2.473s] Level 5:colcon.colcon_core.verb:set package 'death_reckoning_imu' build argument 'cmake_force_configure' from command line to 'False'
[2.473s] Level 5:colcon.colcon_core.verb:set package 'death_reckoning_imu' build argument 'ament_cmake_args' from command line to 'None'
[2.473s] Level 5:colcon.colcon_core.verb:set package 'death_reckoning_imu' build argument 'catkin_cmake_args' from command line to 'None'
[2.473s] Level 5:colcon.colcon_core.verb:set package 'death_reckoning_imu' build argument 'catkin_skip_building_tests' from command line to 'False'
[2.473s] DEBUG:colcon.colcon_core.verb:Building package 'death_reckoning_imu' with the following arguments: {'ament_cmake_args': None, 'build_base': '/home/zyme/ros_ws/death_reckoning_imu/build/death_reckoning_imu', 'catkin_cmake_args': None, 'catkin_skip_building_tests': False, 'cmake_args': None, 'cmake_clean_cache': False, 'cmake_clean_first': False, 'cmake_force_configure': False, 'cmake_target': None, 'cmake_target_skip_unavailable': False, 'install_base': '/home/zyme/ros_ws/death_reckoning_imu/install/death_reckoning_imu', 'merge_install': False, 'path': '/home/zyme/ros_ws/death_reckoning_imu/src/dead_reckoning_imu', 'symlink_install': True, 'test_result_base': None}
[2.520s] INFO:colcon.colcon_core.executor:Executing jobs using 'parallel' executor
[2.555s] DEBUG:colcon.colcon_parallel_executor.executor.parallel:run_until_complete
[2.556s] INFO:colcon.colcon_ros.task.ament_cmake.build:Building ROS package in '/home/zyme/ros_ws/death_reckoning_imu/src/dead_reckoning_imu' with build type 'ament_cmake'
[2.556s] INFO:colcon.colcon_cmake.task.cmake.build:Building CMake package in '/home/zyme/ros_ws/death_reckoning_imu/src/dead_reckoning_imu'
[2.596s] INFO:colcon.colcon_core.plugin_system:Skipping extension 'colcon_core.shell.bat': Not used on non-Windows systems
[2.597s] INFO:colcon.colcon_core.shell:Skip shell extension 'powershell' for command environment: Not usable outside of PowerShell
[2.597s] DEBUG:colcon.colcon_core.shell:Skip shell extension 'dsv' for command environment
[2.796s] DEBUG:colcon.colcon_core.event_handler.log_command:Invoking command in '/home/zyme/ros_ws/death_reckoning_imu/build/death_reckoning_imu': CMAKE_PREFIX_PATH=${CMAKE_PREFIX_PATH}:/opt/ros/humble /home/zyme/.local/bin/cmake --build /home/zyme/ros_ws/death_reckoning_imu/build/death_reckoning_imu -- -j12 -l12
[2.908s] DEBUG:colcon.colcon_core.event_handler.log_command:Invoked command in '/home/zyme/ros_ws/death_reckoning_imu/build/death_reckoning_imu' returned '0': CMAKE_PREFIX_PATH=${CMAKE_PREFIX_PATH}:/opt/ros/humble /home/zyme/.local/bin/cmake --build /home/zyme/ros_ws/death_reckoning_imu/build/death_reckoning_imu -- -j12 -l12
[3.079s] DEBUG:colcon.colcon_core.event_handler.log_command:Invoking command in '/home/zyme/ros_ws/death_reckoning_imu/build/death_reckoning_imu': CMAKE_PREFIX_PATH=${CMAKE_PREFIX_PATH}:/opt/ros/humble /home/zyme/.local/bin/cmake --install /home/zyme/ros_ws/death_reckoning_imu/build/death_reckoning_imu
[3.139s] Level 1:colcon.colcon_core.environment:create_environment_scripts_only(death_reckoning_imu)
[3.139s] DEBUG:colcon.colcon_core.event_handler.log_command:Invoked command in '/home/zyme/ros_ws/death_reckoning_imu/build/death_reckoning_imu' returned '0': CMAKE_PREFIX_PATH=${CMAKE_PREFIX_PATH}:/opt/ros/humble /home/zyme/.local/bin/cmake --install /home/zyme/ros_ws/death_reckoning_imu/build/death_reckoning_imu
[3.172s] Level 1:colcon.colcon_core.environment:checking '/home/zyme/ros_ws/death_reckoning_imu/install/death_reckoning_imu' for CMake module files
[3.173s] Level 1:colcon.colcon_core.environment:checking '/home/zyme/ros_ws/death_reckoning_imu/install/death_reckoning_imu' for CMake config files
[3.173s] Level 1:colcon.colcon_core.shell:create_environment_hook('death_reckoning_imu', 'cmake_prefix_path')
[3.204s] INFO:colcon.colcon_core.shell:Creating environment hook '/home/zyme/ros_ws/death_reckoning_imu/install/death_reckoning_imu/share/death_reckoning_imu/hook/cmake_prefix_path.ps1'
[3.204s] INFO:colcon.colcon_core.shell:Creating environment descriptor '/home/zyme/ros_ws/death_reckoning_imu/install/death_reckoning_imu/share/death_reckoning_imu/hook/cmake_prefix_path.dsv'
[3.205s] INFO:colcon.colcon_core.shell:Creating environment hook '/home/zyme/ros_ws/death_reckoning_imu/install/death_reckoning_imu/share/death_reckoning_imu/hook/cmake_prefix_path.sh'
[3.205s] Level 1:colcon.colcon_core.environment:checking '/home/zyme/ros_ws/death_reckoning_imu/install/death_reckoning_imu/lib'
[3.206s] Level 1:colcon.colcon_core.environment:checking '/home/zyme/ros_ws/death_reckoning_imu/install/death_reckoning_imu/bin'
[3.206s] Level 1:colcon.colcon_core.environment:checking '/home/zyme/ros_ws/death_reckoning_imu/install/death_reckoning_imu/lib/pkgconfig/death_reckoning_imu.pc'
[3.206s] Level 1:colcon.colcon_core.environment:checking '/home/zyme/ros_ws/death_reckoning_imu/install/death_reckoning_imu/lib/python3.10/site-packages'
[3.206s] Level 1:colcon.colcon_core.environment:checking '/home/zyme/ros_ws/death_reckoning_imu/install/death_reckoning_imu/bin'
[3.236s] INFO:colcon.colcon_core.shell:Creating package script '/home/zyme/ros_ws/death_reckoning_imu/install/death_reckoning_imu/share/death_reckoning_imu/package.ps1'
[3.237s] INFO:colcon.colcon_core.shell:Creating package descriptor '/home/zyme/ros_ws/death_reckoning_imu/install/death_reckoning_imu/share/death_reckoning_imu/package.dsv'
[3.237s] INFO:colcon.colcon_core.shell:Creating package script '/home/zyme/ros_ws/death_reckoning_imu/install/death_reckoning_imu/share/death_reckoning_imu/package.sh'
[3.238s] INFO:colcon.colcon_core.shell:Creating package script '/home/zyme/ros_ws/death_reckoning_imu/install/death_reckoning_imu/share/death_reckoning_imu/package.bash'
[3.239s] INFO:colcon.colcon_core.shell:Creating package script '/home/zyme/ros_ws/death_reckoning_imu/install/death_reckoning_imu/share/death_reckoning_imu/package.zsh'
[3.239s] Level 1:colcon.colcon_core.environment:create_file_with_runtime_dependencies(/home/zyme/ros_ws/death_reckoning_imu/install/death_reckoning_imu/share/colcon-core/packages/death_reckoning_imu)
[3.347s] Level 1:colcon.colcon_core.environment:create_environment_scripts_only(death_reckoning_imu)
[3.375s] Level 1:colcon.colcon_core.environment:checking '/home/zyme/ros_ws/death_reckoning_imu/install/death_reckoning_imu' for CMake module files
[3.377s] Level 1:colcon.colcon_core.environment:checking '/home/zyme/ros_ws/death_reckoning_imu/install/death_reckoning_imu' for CMake config files
[3.378s] Level 1:colcon.colcon_core.shell:create_environment_hook('death_reckoning_imu', 'cmake_prefix_path')
[3.404s] INFO:colcon.colcon_core.shell:Creating environment hook '/home/zyme/ros_ws/death_reckoning_imu/install/death_reckoning_imu/share/death_reckoning_imu/hook/cmake_prefix_path.ps1'
[3.404s] INFO:colcon.colcon_core.shell:Creating environment descriptor '/home/zyme/ros_ws/death_reckoning_imu/install/death_reckoning_imu/share/death_reckoning_imu/hook/cmake_prefix_path.dsv'
[3.404s] INFO:colcon.colcon_core.shell:Creating environment hook '/home/zyme/ros_ws/death_reckoning_imu/install/death_reckoning_imu/share/death_reckoning_imu/hook/cmake_prefix_path.sh'
[3.405s] Level 1:colcon.colcon_core.environment:checking '/home/zyme/ros_ws/death_reckoning_imu/install/death_reckoning_imu/lib'
[3.405s] Level 1:colcon.colcon_core.environment:checking '/home/zyme/ros_ws/death_reckoning_imu/install/death_reckoning_imu/bin'
[3.405s] Level 1:colcon.colcon_core.environment:checking '/home/zyme/ros_ws/death_reckoning_imu/install/death_reckoning_imu/lib/pkgconfig/death_reckoning_imu.pc'
[3.405s] Level 1:colcon.colcon_core.environment:checking '/home/zyme/ros_ws/death_reckoning_imu/install/death_reckoning_imu/lib/python3.10/site-packages'
[3.405s] Level 1:colcon.colcon_core.environment:checking '/home/zyme/ros_ws/death_reckoning_imu/install/death_reckoning_imu/bin'
[3.429s] INFO:colcon.colcon_core.shell:Creating package script '/home/zyme/ros_ws/death_reckoning_imu/install/death_reckoning_imu/share/death_reckoning_imu/package.ps1'
[3.430s] INFO:colcon.colcon_core.shell:Creating package descriptor '/home/zyme/ros_ws/death_reckoning_imu/install/death_reckoning_imu/share/death_reckoning_imu/package.dsv'
[3.431s] INFO:colcon.colcon_core.shell:Creating package script '/home/zyme/ros_ws/death_reckoning_imu/install/death_reckoning_imu/share/death_reckoning_imu/package.sh'
[3.431s] INFO:colcon.colcon_core.shell:Creating package script '/home/zyme/ros_ws/death_reckoning_imu/install/death_reckoning_imu/share/death_reckoning_imu/package.bash'
[3.432s] INFO:colcon.colcon_core.shell:Creating package script '/home/zyme/ros_ws/death_reckoning_imu/install/death_reckoning_imu/share/death_reckoning_imu/package.zsh'
[3.432s] Level 1:colcon.colcon_core.environment:create_file_with_runtime_dependencies(/home/zyme/ros_ws/death_reckoning_imu/install/death_reckoning_imu/share/colcon-core/packages/death_reckoning_imu)
[3.433s] DEBUG:colcon.colcon_parallel_executor.executor.parallel:closing loop
[3.434s] DEBUG:colcon.colcon_parallel_executor.executor.parallel:loop closed
[3.434s] DEBUG:colcon.colcon_parallel_executor.executor.parallel:run_until_complete finished with '0'
[3.434s] DEBUG:colcon.colcon_core.event_reactor:joining thread
[3.465s] INFO:colcon.colcon_core.plugin_system:Skipping extension 'colcon_notification.desktop_notification.terminal_notifier': Not used on non-Darwin systems
[3.465s] INFO:colcon.colcon_core.plugin_system:Skipping extension 'colcon_notification.desktop_notification.win32': Not used on non-Windows systems
[3.465s] INFO:colcon.colcon_notification.desktop_notification:Sending desktop notification using 'notify2'
[3.516s] DEBUG:colcon.colcon_core.event_reactor:joined thread
[3.554s] INFO:colcon.colcon_core.shell:Creating prefix script '/home/zyme/ros_ws/death_reckoning_imu/install/local_setup.ps1'
[3.555s] INFO:colcon.colcon_core.shell:Creating prefix util module '/home/zyme/ros_ws/death_reckoning_imu/install/_local_setup_util_ps1.py'
[3.557s] INFO:colcon.colcon_core.shell:Creating prefix chain script '/home/zyme/ros_ws/death_reckoning_imu/install/setup.ps1'
[3.582s] INFO:colcon.colcon_core.shell:Creating prefix script '/home/zyme/ros_ws/death_reckoning_imu/install/local_setup.sh'
[3.583s] INFO:colcon.colcon_core.shell:Creating prefix util module '/home/zyme/ros_ws/death_reckoning_imu/install/_local_setup_util_sh.py'
[3.584s] INFO:colcon.colcon_core.shell:Creating prefix chain script '/home/zyme/ros_ws/death_reckoning_imu/install/setup.sh'
[3.608s] INFO:colcon.colcon_core.shell:Creating prefix script '/home/zyme/ros_ws/death_reckoning_imu/install/local_setup.bash'
[3.609s] INFO:colcon.colcon_core.shell:Creating prefix chain script '/home/zyme/ros_ws/death_reckoning_imu/install/setup.bash'
[3.635s] INFO:colcon.colcon_core.shell:Creating prefix script '/home/zyme/ros_ws/death_reckoning_imu/install/local_setup.zsh'
[3.635s] INFO:colcon.colcon_core.shell:Creating prefix chain script '/home/zyme/ros_ws/death_reckoning_imu/install/setup.zsh'
